vite v6.4.3 building for production...
transforming...
✓ 192 modules transformed.
rendering chunks...
computing gzip size...
dist/index.html                          0.71 kB │ gzip:   0.45 kB
dist/assets/Sessions-BzKye7RW.css        0.52 kB │ gzip:   0.30 kB
dist/assets/Schedules-DpBMOCMO.css       0.52 kB │ gzip:   0.30 kB
dist/assets/Skills-Df7q6xGP.css          0.52 kB │ gzip:   0.30 kB
dist/assets/Extensions-5kHqFNMx.css      0.52 kB │ gzip:   0.30 kB
dist/assets/Templates-L41c8H-p.css       0.52 kB │ gzip:   0.30 kB
dist/assets/Teams-DZdcyMgg.css           0.52 kB │ gzip:   0.30 kB
dist/assets/Settings-CHNaUVFM.css        0.52 kB │ gzip:   0.30 kB
dist/assets/Agents-CRV4fQw8.css          0.59 kB │ gzip:   0.32 kB
dist/assets/Login-q1F_gNuE.css           2.14 kB │ gzip:   0.71 kB
dist/assets/Replay-Dytr_wqy.css          2.50 kB │ gzip:   0.87 kB
dist/assets/Dashboard-By5c26c6.css       2.55 kB │ gzip:   0.87 kB
dist/assets/OperatorRoom-D40iAlY4.css    4.99 kB │ gzip:   1.30 kB
dist/assets/AuditLog-BTDXSjZZ.css        6.40 kB │ gzip:   1.69 kB
dist/assets/Console-Rdb2xyH1.css         8.85 kB │ gzip:   2.13 kB
dist/assets/Sidebar-Do5xDREH.css        17.78 kB │ gzip:   3.83 kB
dist/assets/index-sg2Ymajf.css          31.75 kB │ gzip:   6.97 kB
dist/assets/AgentDetail-P-ibZJ_y.css    43.49 kB │ gzip:   8.40 kB
dist/assets/Skills-DCVgz72s.js           1.42 kB │ gzip:   0.78 kB
dist/assets/Extensions-BlIcn-fe.js       1.59 kB │ gzip:   0.86 kB
dist/assets/Templates-B7xb7qSJ.js        1.94 kB │ gzip:   0.97 kB
dist/assets/Schedules-CdBA-s1M.js        1.96 kB │ gzip:   1.02 kB
dist/assets/Settings-DDfouWLt.js         1.97 kB │ gzip:   0.82 kB
dist/assets/Login-BBeVs8uI.js            2.13 kB │ gzip:   1.00 kB
dist/assets/Teams-D7hGoGuU.js            2.36 kB │ gzip:   1.17 kB
dist/assets/logo-login-Bi0vveeB.js       2.52 kB │ gzip:   1.34 kB
dist/assets/Sessions-Bzx3mMTb.js         3.16 kB │ gzip:   1.49 kB
dist/assets/Agents-rD9KicTp.js           4.17 kB │ gzip:   1.89 kB
dist/assets/OperatorRoom-96R0e4e0.js     6.27 kB │ gzip:   2.35 kB
dist/assets/Replay-CpQ8cjoz.js           7.39 kB │ gzip:   3.05 kB
dist/assets/AuditLog-DcW6N3HK.js         8.81 kB │ gzip:   3.09 kB
dist/assets/Dashboard-DTFSW_E2.js       12.68 kB │ gzip:   4.27 kB
dist/assets/Console-CVPXC-NM.js         13.14 kB │ gzip:   5.00 kB
dist/assets/Sidebar-S75WGzY0.js         25.06 kB │ gzip:   8.49 kB
dist/assets/index-BDDm8EJe.js          125.94 kB │ gzip:  48.16 kB
dist/assets/AgentDetail-Sf-qtIkJ.js    592.20 kB │ gzip: 154.85 kB

(!) Some chunks are larger than 500 kB after minification. Consider:
- Using dynamic import() to code-split the application
- Use build.rollupOptions.output.manualChunks to improve chunking: https://rollupjs.org/configuration-options/#output-manualchunks
- Adjust chunk size limit for this warning via build.chunkSizeWarningLimit.
✓ built in 2.50s
